<?xml version="1.0" encoding="UTF-8" ?>
<testsuite tests="37" failures="0" name="nz.ac.aut.ense701.gameModel.PlayerTest" time="0.016" errors="0" skipped="0">
  <properties>
[...]
</properties>
  <testcase classname="nz.ac.aut.ense701.gameModel.PlayerTest" name="testGetPosition" time="0"/>
  <testcase classname="nz.ac.aut.ense701.gameModel.PlayerTest" name="testMoveToPositionEnoughStamina" time="0"/>
  <testcase classname="nz.ac.aut.ense701.gameModel.PlayerTest" name="testDropInvalidItem" time="0"/>
  <testcase classname="nz.ac.aut.ense701.gameModel.PlayerTest" name="testGetMaximumBackpackWeight" time="0"/>
  <testcase classname="nz.ac.aut.ense701.gameModel.PlayerTest" name="testDropValidItem" time="0"/>
  <testcase classname="nz.ac.aut.ense701.gameModel.PlayerTest" name="testGetCurrentBackpackWeightEmpty" time="0"/>
  <testcase classname="nz.ac.aut.ense701.gameModel.PlayerTest" name="testhasStaminaToMoveNotEnoughStaminaPartlyFullBackpack" time="0"/>
  <testcase classname="nz.ac.aut.ense701.gameModel.PlayerTest" name="testKill" time="0"/>
  <testcase classname="nz.ac.aut.ense701.gameModel.PlayerTest" name="testIncreaseStaminaPastZero" time="0"/>
  <testcase classname="nz.ac.aut.ense701.gameModel.PlayerTest" name="testReduceStamina" time="0"/>
  <testcase classname="nz.ac.aut.ense701.gameModel.PlayerTest" name="testGetInventory" time="0"/>
  <testcase classname="nz.ac.aut.ense701.gameModel.PlayerTest" name="testGetMaximumBackpackSize" time="0"/>
  <testcase classname="nz.ac.aut.ense701.gameModel.PlayerTest" name="testhasItemNoItem" time="0"/>
  <testcase classname="nz.ac.aut.ense701.gameModel.PlayerTest" name="testGetName" time="0"/>
  <testcase classname="nz.ac.aut.ense701.gameModel.PlayerTest" name="testGetTrap" time="0"/>
  <testcase classname="nz.ac.aut.ense701.gameModel.PlayerTest" name="testhasStaminaToMoveNotEnoughStaminaFullBackpack" time="0"/>
  <testcase classname="nz.ac.aut.ense701.gameModel.PlayerTest" name="testGetStaminaLevel" time="0"/>
  <testcase classname="nz.ac.aut.ense701.gameModel.PlayerTest" name="testIncreaseStaminaByNegative" time="0"/>
  <testcase classname="nz.ac.aut.ense701.gameModel.PlayerTest" name="testMoveToPositionNotEnoughStamina" time="0"/>
  <testcase classname="nz.ac.aut.ense701.gameModel.PlayerTest" name="testReduceStaminaPastZero" time="0"/>
  <testcase classname="nz.ac.aut.ense701.gameModel.PlayerTest" name="testCollectItemMaxWeight" time="0"/>
  <testcase classname="nz.ac.aut.ense701.gameModel.PlayerTest" name="testhasStaminaToMoveNotEnoughStaminaForTerrain" time="0"/>
  <testcase classname="nz.ac.aut.ense701.gameModel.PlayerTest" name="testhasStaminaToMoveEnoughStamina" time="0"/>
  <testcase classname="nz.ac.aut.ense701.gameModel.PlayerTest" name="testGetCurrentBackpackSizeEmpty" time="0"/>
  <testcase classname="nz.ac.aut.ense701.gameModel.PlayerTest" name="testCollectItemTooBig" time="0"/>
  <testcase classname="nz.ac.aut.ense701.gameModel.PlayerTest" name="testHasTrapWithTrap" time="0"/>
  <testcase classname="nz.ac.aut.ense701.gameModel.PlayerTest" name="testGetCurrentBackpackSizeNotEmpty" time="0"/>
  <testcase classname="nz.ac.aut.ense701.gameModel.PlayerTest" name="testCollectDuplicateItem" time="0"/>
  <testcase classname="nz.ac.aut.ense701.gameModel.PlayerTest" name="testCollectValidItemThatFits" time="0"/>
  <testcase classname="nz.ac.aut.ense701.gameModel.PlayerTest" name="testHasTrapNoTrap" time="0"/>
  <testcase classname="nz.ac.aut.ense701.gameModel.PlayerTest" name="testIncreaseStamina" time="0"/>
  <testcase classname="nz.ac.aut.ense701.gameModel.PlayerTest" name="testCollectItemTooHeavy" time="0"/>
  <testcase classname="nz.ac.aut.ense701.gameModel.PlayerTest" name="testIsAlive" time="0"/>
  <testcase classname="nz.ac.aut.ense701.gameModel.PlayerTest" name="testhasItemWithItem" time="0"/>
  <testcase classname="nz.ac.aut.ense701.gameModel.PlayerTest" name="testGetCurrentBackpackWeightNotEmpty" time="0"/>
  <testcase classname="nz.ac.aut.ense701.gameModel.PlayerTest" name="testReduceStaminaByNegative" time="0"/>
  <testcase classname="nz.ac.aut.ense701.gameModel.PlayerTest" name="testGetMaximumStaminaLevel" time="0"/>
</testsuite>