<?xml version="1.0" encoding="UTF-8" ?>
<testsuite tests="35" failures="0" name="nz.ac.aut.ense701.gameModel.GameTest" time="0.689" errors="0" skipped="0">
  <properties>
[...]
</properties>
  <testcase classname="nz.ac.aut.ense701.gameModel.GameTest" name="testScanWikiDescription" time="0.062"/>
  <testcase classname="nz.ac.aut.ense701.gameModel.GameTest" name="testGetNumRows" time="0.047"/>
  <testcase classname="nz.ac.aut.ense701.gameModel.GameTest" name="testCollectValid" time="0.061"/>
  <testcase classname="nz.ac.aut.ense701.gameModel.GameTest" name="testPlayerMoveValidNoHazards" time="0.015"/>
  <testcase classname="nz.ac.aut.ense701.gameModel.GameTest" name="testIsPlayerMovePossibleInvalidMove" time="0.012"/>
  <testcase classname="nz.ac.aut.ense701.gameModel.GameTest" name="testCanUseFoodValid" time="0.015"/>
  <testcase classname="nz.ac.aut.ense701.gameModel.GameTest" name="testCanUseToolNoTrap" time="0.016"/>
  <testcase classname="nz.ac.aut.ense701.gameModel.GameTest" name="testPlayerMoveNonFatalHazardDead" time="0"/>
  <testcase classname="nz.ac.aut.ense701.gameModel.GameTest" name="testUseItemTrapFinalPredator" time="0.031"/>
  <testcase classname="nz.ac.aut.ense701.gameModel.GameTest" name="testUseItemBrokenTrap" time="0.031"/>
  <testcase classname="nz.ac.aut.ense701.gameModel.GameTest" name="testGetNumColumns" time="0.016"/>
  <testcase classname="nz.ac.aut.ense701.gameModel.GameTest" name="testPlayerMoveFatalHazard" time="0.031"/>
  <testcase classname="nz.ac.aut.ense701.gameModel.GameTest" name="testPlayerMoveDeadPlayer" time="0.016"/>
  <testcase classname="nz.ac.aut.ense701.gameModel.GameTest" name="testPlayerMoveToInvalidPosition" time="0.015"/>
  <testcase classname="nz.ac.aut.ense701.gameModel.GameTest" name="testCanUseTrapNoPredator" time="0.016"/>
  <testcase classname="nz.ac.aut.ense701.gameModel.GameTest" name="testDropValid" time="0.016"/>
  <testcase classname="nz.ac.aut.ense701.gameModel.GameTest" name="testGetKiwiCountInitial" time="0.015"/>
  <testcase classname="nz.ac.aut.ense701.gameModel.GameTest" name="testIsPlayerMovePossibleValidMove" time="0.016"/>
  <testcase classname="nz.ac.aut.ense701.gameModel.GameTest" name="testCanCollectNotCollectable" time="0.031"/>
  <testcase classname="nz.ac.aut.ense701.gameModel.GameTest" name="testCanUseToolTrapNotBroken" time="0"/>
  <testcase classname="nz.ac.aut.ense701.gameModel.GameTest" name="testUseItemToolFixTrap" time="0.016"/>
  <testcase classname="nz.ac.aut.ense701.gameModel.GameTest" name="testCanCollectCollectable" time="0.015"/>
  <testcase classname="nz.ac.aut.ense701.gameModel.GameTest" name="testGetInitialState" time="0.016"/>
  <testcase classname="nz.ac.aut.ense701.gameModel.GameTest" name="testUseItemFoodCausesIncrease" time="0"/>
  <testcase classname="nz.ac.aut.ense701.gameModel.GameTest" name="testPlayerMoveNotEnoughStamina" time="0.016"/>
  <testcase classname="nz.ac.aut.ense701.gameModel.GameTest" name="testUseItemFoodNoIncrease" time="0.062"/>
  <testcase classname="nz.ac.aut.ense701.gameModel.GameTest" name="testGetPlayerValues" time="0"/>
  <testcase classname="nz.ac.aut.ense701.gameModel.GameTest" name="testCanUseTrapValid" time="0.016"/>
  <testcase classname="nz.ac.aut.ense701.gameModel.GameTest" name="testGetPlayer" time="0.016"/>
  <testcase classname="nz.ac.aut.ense701.gameModel.GameTest" name="testCollectNotCollectable" time="0"/>
  <testcase classname="nz.ac.aut.ense701.gameModel.GameTest" name="testUseItemTrap" time="0.015"/>
  <testcase classname="nz.ac.aut.ense701.gameModel.GameTest" name="testDropNotValidPositionFull" time="0"/>
  <testcase classname="nz.ac.aut.ense701.gameModel.GameTest" name="testCountKiwi" time="0.016"/>
  <testcase classname="nz.ac.aut.ense701.gameModel.GameTest" name="testCanUseTool" time="0"/>
  <testcase classname="nz.ac.aut.ense701.gameModel.GameTest" name="testPlayerMoveNonFatalHazardNotDead" time="0.023"/>
</testsuite>