<?xml version="1.0" encoding="UTF-8" ?>
<testsuite tests="35" failures="0" name="nz.ac.aut.ense701.gameModel.GameTest" time="0.579" errors="0" skipped="0">
  <properties>
[...]
</properties>
  <testcase classname="nz.ac.aut.ense701.gameModel.GameTest" name="testGetNumRows" time="0.056"/>
  <testcase classname="nz.ac.aut.ense701.gameModel.GameTest" name="testCollectValid" time="0.032"/>
  <testcase classname="nz.ac.aut.ense701.gameModel.GameTest" name="testPlayerMoveValidNoHazards" time="0.06"/>
  <testcase classname="nz.ac.aut.ense701.gameModel.GameTest" name="testIsPlayerMovePossibleInvalidMove" time="0.015"/>
  <testcase classname="nz.ac.aut.ense701.gameModel.GameTest" name="testCanUseFoodValid" time="0.017"/>
  <testcase classname="nz.ac.aut.ense701.gameModel.GameTest" name="testCanUseToolNoTrap" time="0.01"/>
  <testcase classname="nz.ac.aut.ense701.gameModel.GameTest" name="testPlayerMoveNonFatalHazardDead" time="0.011"/>
  <testcase classname="nz.ac.aut.ense701.gameModel.GameTest" name="testUseItemTrapFinalPredator" time="0.011"/>
  <testcase classname="nz.ac.aut.ense701.gameModel.GameTest" name="testUseItemBrokenTrap" time="0.016"/>
  <testcase classname="nz.ac.aut.ense701.gameModel.GameTest" name="testGetNumColumns" time="0.025"/>
  <testcase classname="nz.ac.aut.ense701.gameModel.GameTest" name="testPlayerMoveFatalHazard" time="0.009"/>
  <testcase classname="nz.ac.aut.ense701.gameModel.GameTest" name="testPlayerMoveDeadPlayer" time="0.011"/>
  <testcase classname="nz.ac.aut.ense701.gameModel.GameTest" name="testPlayerMoveToInvalidPosition" time="0.015"/>
  <testcase classname="nz.ac.aut.ense701.gameModel.GameTest" name="testCanUseTrapNoPredator" time="0.007"/>
  <testcase classname="nz.ac.aut.ense701.gameModel.GameTest" name="testDropValid" time="0.004"/>
  <testcase classname="nz.ac.aut.ense701.gameModel.GameTest" name="testGetKiwiCountInitial" time="0.009"/>
  <testcase classname="nz.ac.aut.ense701.gameModel.GameTest" name="testIsPlayerMovePossibleValidMove" time="0.01"/>
  <testcase classname="nz.ac.aut.ense701.gameModel.GameTest" name="testCanCollectNotCollectable" time="0.009"/>
  <testcase classname="nz.ac.aut.ense701.gameModel.GameTest" name="testCanUseToolTrapNotBroken" time="0.007"/>
  <testcase classname="nz.ac.aut.ense701.gameModel.GameTest" name="testUseItemToolFixTrap" time="0.015"/>
  <testcase classname="nz.ac.aut.ense701.gameModel.GameTest" name="testCanScanWikiDescriptionFromIslandDataFile" time="0.014"/>
  <testcase classname="nz.ac.aut.ense701.gameModel.GameTest" name="testCanCollectCollectable" time="0.013"/>
  <testcase classname="nz.ac.aut.ense701.gameModel.GameTest" name="testGetInitialState" time="0.01"/>
  <testcase classname="nz.ac.aut.ense701.gameModel.GameTest" name="testUseItemFoodCausesIncrease" time="0.013"/>
  <testcase classname="nz.ac.aut.ense701.gameModel.GameTest" name="testPlayerMoveNotEnoughStamina" time="0.019"/>
  <testcase classname="nz.ac.aut.ense701.gameModel.GameTest" name="testUseItemFoodNoIncrease" time="0.004"/>
  <testcase classname="nz.ac.aut.ense701.gameModel.GameTest" name="testGetPlayerValues" time="0.008"/>
  <testcase classname="nz.ac.aut.ense701.gameModel.GameTest" name="testCanUseTrapValid" time="0.009"/>
  <testcase classname="nz.ac.aut.ense701.gameModel.GameTest" name="testGetPlayer" time="0.006"/>
  <testcase classname="nz.ac.aut.ense701.gameModel.GameTest" name="testCollectNotCollectable" time="0.006"/>
  <testcase classname="nz.ac.aut.ense701.gameModel.GameTest" name="testUseItemTrap" time="0.007"/>
  <testcase classname="nz.ac.aut.ense701.gameModel.GameTest" name="testDropNotValidPositionFull" time="0.031"/>
  <testcase classname="nz.ac.aut.ense701.gameModel.GameTest" name="testCountKiwi" time="0.023"/>
  <testcase classname="nz.ac.aut.ense701.gameModel.GameTest" name="testCanUseTool" time="0.015"/>
  <testcase classname="nz.ac.aut.ense701.gameModel.GameTest" name="testPlayerMoveNonFatalHazardNotDead" time="0.033"/>
</testsuite>